<?xml version="1.0" encoding="UTF-8"?>
<testng-results ignored="0" total="1" passed="1" failed="0" skipped="0">
  <reporter-output>
  </reporter-output>
  <suite started-at="2022-01-20T02:18:00 IST" name="Default suite" finished-at="2022-01-20T02:18:09 IST" duration-ms="8665">
    <groups>
    </groups>
    <test started-at="2022-01-20T02:18:00 IST" name="Default test" finished-at="2022-01-20T02:18:09 IST" duration-ms="8665">
      <class name="Package_Integration.TC_01">
        <test-method signature="test_01()[pri:0, instance:Package_Integration.TC_01@306f16f3]" started-at="2022-01-20T02:18:00 IST" name="test_01" finished-at="2022-01-20T02:18:09 IST" duration-ms="8607" status="PASS">
          <reporter-output>
          </reporter-output>
        </test-method> <!-- test_01 -->
      </class> <!-- Package_Integration.TC_01 -->
    </test> <!-- Default test -->
  </suite> <!-- Default suite -->
</testng-results>
